<?xml version="1.0" encoding="UTF-8"?>
<beans xmlns="http://www.springframework.org/schema/beans"
       xmlns:xsi="http://www.w3.org/2001/XMLSchema-instance"
       xmlns:mockito="http://www.mockito.org/spring/mockito"
       xmlns:context="http://www.springframework.org/schema/context"
       xsi:schemaLocation="http://www.springframework.org/schema/beans http://www.springframework.org/schema/beans/spring-beans-3.0.xsd
		http://www.springframework.org/schema/context http://www.springframework.org/schema/context/spring-context-3.0.xsd
		http://www.mockito.org/spring/mockito http://www.mockito.org/spring/mockito.xsd">

    <context:annotation-config/>
    <context:component-scan base-package="com.comcast.money.spring3"/>

    <!-- Uses SpringOckito to supplant the real spring tracer for a mock so we can verify -->
    <mockito:mock id="springTracer" class="com.comcast.money.spring3.SpringTracer" />

    <bean class="org.springframework.aop.framework.autoproxy.DefaultAdvisorAutoProxyCreator">
        <property name="proxyTargetClass" value="true"/>
    </bean>
</beans>
